<?xml version="1.0" encoding="UTF-8"?>
<!-- Generated by org.testng.reporters.JUnitXMLReporter -->
<testsuite ignored="0" hostname="Nitro5Omar" failures="0" tests="5" name="Surefire test" time="59.595" errors="0" timestamp="2025-05-28T15:20:06 CST">
  <testcase classname="omarcavazos.tests.ErrorValidationsTest" name="LoginErrorValidation" time="0.656"/>
  <testcase classname="omarcavazos.tests.ErrorValidationsTest" name="ProductErrorValidation" time="4.501"/>
  <testcase classname="omarcavazos.tests.SubmitOrderTest" name="submitOrder" time="5.972"/>
  <testcase classname="omarcavazos.tests.SubmitOrderTest" name="submitOrder" time="6.076"/>
  <testcase classname="omarcavazos.tests.SubmitOrderTest" name="OrderHistoryTest" time="1.16"/>
</testsuite> <!-- Surefire test -->
