<?xml version="1.0" encoding="UTF-8"?>
<!-- Generated by org.testng.reporters.JUnitXMLReporter -->
<testsuite ignored="0" hostname="Nitro5Omar" failures="0" tests="3" name="Default test" time="37.887" errors="0" timestamp="2025-05-28T18:11:37 CST">
  <testcase classname="omarcavazos.tests.SubmitOrderTest" name="submitOrder" time="6.064"/>
  <testcase classname="omarcavazos.tests.SubmitOrderTest" name="submitOrder" time="5.968"/>
  <testcase classname="omarcavazos.tests.SubmitOrderTest" name="OrderHistoryTest" time="0.845"/>
</testsuite> <!-- Default test -->
