<?xml version="1.0" encoding="UTF-8"?>
<!-- Generated by org.testng.reporters.JUnitXMLReporter -->
<testsuite ignored="0" hostname="Nitro5Omar" failures="0" tests="3" name="Default test" time="37.199" errors="0" timestamp="2025-05-26T16:30:31 CST">
  <testcase classname="omarcavazos.tests.SubmitOrderTest" name="submitOrder" time="6.569"/>
  <testcase classname="omarcavazos.tests.SubmitOrderTest" name="submitOrder" time="5.359"/>
  <testcase classname="omarcavazos.tests.SubmitOrderTest" name="OrderHistoryTest" time="0.852"/>
</testsuite> <!-- Default test -->
