<?xml version="1.0" encoding="UTF-8"?>
<!-- Generated by org.testng.reporters.JUnitXMLReporter -->
<testsuite ignored="1" hostname="Nitro5Omar" failures="0" tests="1" name="Error Validations Test" time="9.563" errors="0" timestamp="2025-05-26T12:41:56 CST">
  <testcase classname="omarcavazos.tests.ErrorValidationsTest" name="LoginErrorValidation" time="0.521"/>
  <testcase classname="omarcavazos.tests.ErrorValidationsTest" name="ProductErrorValidation" time="0.0">
    <ignored/>
  </testcase> <!-- ProductErrorValidation -->
</testsuite> <!-- Error Validations Test -->
