<?xml version="1.0" encoding="UTF-8"?>
<!-- Generated by org.testng.reporters.JUnitXMLReporter -->
<testsuite ignored="1" hostname="Nitro5Omar" failures="0" tests="2" name="Submit Order Test" time="28.878" errors="0" timestamp="2025-05-28T18:30:53 CST">
  <testcase classname="omarcavazos.tests.SubmitOrderTest" name="submitOrder" time="6.893"/>
  <testcase classname="omarcavazos.tests.SubmitOrderTest" name="submitOrder" time="6.827"/>
  <testcase classname="omarcavazos.tests.SubmitOrderTest" name="OrderHistoryTest" time="0.0">
    <ignored/>
  </testcase> <!-- OrderHistoryTest -->
</testsuite> <!-- Submit Order Test -->
