<?xml version="1.0" encoding="UTF-8"?>
<!-- Generated by org.testng.reporters.JUnitXMLReporter -->
<testsuite ignored="0" hostname="Nitro5Omar" failures="0" tests="2" name="Error Validations Test" time="19.52" errors="0" timestamp="2025-06-18T07:36:31 CST">
  <testcase classname="omarcavazos.tests.ErrorValidationsTest" name="LoginErrorValidation" time="1.106"/>
  <testcase classname="omarcavazos.tests.ErrorValidationsTest" name="ProductErrorValidation" time="4.418"/>
</testsuite> <!-- Error Validations Test -->
