<?xml version="1.0" encoding="UTF-8"?>
<!-- Generated by org.testng.reporters.JUnitXMLReporter -->
<testsuite ignored="0" hostname="Nitro5Omar" failures="0" tests="3" name="Submit Order Test" time="29.442" errors="0" timestamp="2025-06-18T07:36:40 CST">
  <testcase classname="omarcavazos.tests.SubmitOrderTest" name="submitOrder" time="5.369"/>
  <testcase classname="omarcavazos.tests.SubmitOrderTest" name="submitOrder" time="5.402"/>
  <testcase classname="omarcavazos.tests.SubmitOrderTest" name="OrderHistoryTest" time="0.945"/>
</testsuite> <!-- Submit Order Test -->
