<?xml version="1.0" encoding="UTF-8"?>
<testng-results ignored="0" total="5" passed="5" failed="0" skipped="0">
  <reporter-output>
  </reporter-output>
  <suite started-at="2025-06-18T07:36:11 CST" name="Suite" finished-at="2025-06-18T07:36:40 CST" duration-ms="29442">
    <groups>
      <group name="ErrorHandling">
        <method signature="ErrorValidationsTest.LoginErrorValidation()[pri:0, instance:omarcavazos.tests.ErrorValidationsTest@383dc82c]" name="LoginErrorValidation" class="omarcavazos.tests.ErrorValidationsTest"/>
      </group> <!-- ErrorHandling -->
      <group name="Purchase">
        <method signature="SubmitOrderTest.submitOrder(java.util.HashMap)[pri:0, instance:omarcavazos.tests.SubmitOrderTest@16150369]" name="submitOrder" class="omarcavazos.tests.SubmitOrderTest"/>
      </group> <!-- Purchase -->
    </groups>
    <test started-at="2025-06-18T07:36:11 CST" name="Error Validations Test" finished-at="2025-06-18T07:36:30 CST" duration-ms="19520">
      <class name="omarcavazos.tests.ErrorValidationsTest">
        <test-method is-config="true" signature="launchApplication()[pri:0, instance:omarcavazos.tests.ErrorValidationsTest@383dc82c]" started-at="2025-06-18T07:36:11 CST" name="launchApplication" finished-at="2025-06-18T07:36:19 CST" duration-ms="8150" status="PASS">
          <reporter-output>
          </reporter-output>
        </test-method> <!-- launchApplication -->
        <test-method signature="LoginErrorValidation()[pri:0, instance:omarcavazos.tests.ErrorValidationsTest@383dc82c]" started-at="2025-06-18T07:36:19 CST" name="LoginErrorValidation" finished-at="2025-06-18T07:36:20 CST" duration-ms="1106" status="PASS">
          <reporter-output>
          </reporter-output>
        </test-method> <!-- LoginErrorValidation -->
        <test-method is-config="true" signature="tearDown()[pri:0, instance:omarcavazos.tests.ErrorValidationsTest@383dc82c]" started-at="2025-06-18T07:36:20 CST" name="tearDown" finished-at="2025-06-18T07:36:20 CST" duration-ms="145" status="PASS">
          <reporter-output>
          </reporter-output>
        </test-method> <!-- tearDown -->
        <test-method is-config="true" signature="launchApplication()[pri:0, instance:omarcavazos.tests.ErrorValidationsTest@383dc82c]" started-at="2025-06-18T07:36:20 CST" name="launchApplication" finished-at="2025-06-18T07:36:26 CST" duration-ms="5618" status="PASS">
          <reporter-output>
          </reporter-output>
        </test-method> <!-- launchApplication -->
        <test-method signature="ProductErrorValidation()[pri:0, instance:omarcavazos.tests.ErrorValidationsTest@383dc82c]" started-at="2025-06-18T07:36:26 CST" name="ProductErrorValidation" finished-at="2025-06-18T07:36:30 CST" duration-ms="4418" status="PASS">
          <reporter-output>
          </reporter-output>
        </test-method> <!-- ProductErrorValidation -->
        <test-method is-config="true" signature="tearDown()[pri:0, instance:omarcavazos.tests.ErrorValidationsTest@383dc82c]" started-at="2025-06-18T07:36:30 CST" name="tearDown" finished-at="2025-06-18T07:36:30 CST" duration-ms="47" status="PASS">
          <reporter-output>
          </reporter-output>
        </test-method> <!-- tearDown -->
      </class> <!-- omarcavazos.tests.ErrorValidationsTest -->
    </test> <!-- Error Validations Test -->
    <test started-at="2025-06-18T07:36:11 CST" name="Submit Order Test" finished-at="2025-06-18T07:36:40 CST" duration-ms="29442">
      <class name="omarcavazos.tests.SubmitOrderTest">
        <test-method is-config="true" signature="launchApplication()[pri:0, instance:omarcavazos.tests.SubmitOrderTest@16150369]" started-at="2025-06-18T07:36:11 CST" name="launchApplication" finished-at="2025-06-18T07:36:19 CST" duration-ms="7635" status="PASS">
          <reporter-output>
          </reporter-output>
        </test-method> <!-- launchApplication -->
        <test-method signature="submitOrder(java.util.HashMap)[pri:0, instance:omarcavazos.tests.SubmitOrderTest@16150369]" started-at="2025-06-18T07:36:19 CST" name="submitOrder" data-provider="getData" finished-at="2025-06-18T07:36:24 CST" duration-ms="5369" status="PASS">
          <params>
            <param index="0">
              <value>
                <![CDATA[{password=@Test123, product=ZARA COAT 3, email=test969@test.com}]]>
              </value>
            </param>
          </params>
          <reporter-output>
          </reporter-output>
        </test-method> <!-- submitOrder -->
        <test-method is-config="true" signature="tearDown()[pri:0, instance:omarcavazos.tests.SubmitOrderTest@16150369]" started-at="2025-06-18T07:36:24 CST" name="tearDown" finished-at="2025-06-18T07:36:24 CST" duration-ms="118" status="PASS">
          <reporter-output>
          </reporter-output>
        </test-method> <!-- tearDown -->
        <test-method is-config="true" signature="launchApplication()[pri:0, instance:omarcavazos.tests.SubmitOrderTest@16150369]" started-at="2025-06-18T07:36:24 CST" name="launchApplication" finished-at="2025-06-18T07:36:29 CST" duration-ms="4801" status="PASS">
          <reporter-output>
          </reporter-output>
        </test-method> <!-- launchApplication -->
        <test-method signature="submitOrder(java.util.HashMap)[pri:0, instance:omarcavazos.tests.SubmitOrderTest@16150369]" started-at="2025-06-18T07:36:29 CST" name="submitOrder" data-provider="getData" finished-at="2025-06-18T07:36:35 CST" duration-ms="5402" status="PASS">
          <params>
            <param index="0">
              <value>
                <![CDATA[{password=@Test555, product=ADIDAS ORIGINAL, email=test555@test.com}]]>
              </value>
            </param>
          </params>
          <reporter-output>
          </reporter-output>
        </test-method> <!-- submitOrder -->
        <test-method is-config="true" signature="tearDown()[pri:0, instance:omarcavazos.tests.SubmitOrderTest@16150369]" started-at="2025-06-18T07:36:35 CST" name="tearDown" finished-at="2025-06-18T07:36:35 CST" duration-ms="47" status="PASS">
          <reporter-output>
          </reporter-output>
        </test-method> <!-- tearDown -->
        <test-method is-config="true" signature="launchApplication()[pri:0, instance:omarcavazos.tests.SubmitOrderTest@16150369]" started-at="2025-06-18T07:36:35 CST" name="launchApplication" finished-at="2025-06-18T07:36:39 CST" duration-ms="4816" status="PASS">
          <reporter-output>
          </reporter-output>
        </test-method> <!-- launchApplication -->
        <test-method signature="OrderHistoryTest()[pri:0, instance:omarcavazos.tests.SubmitOrderTest@16150369]" started-at="2025-06-18T07:36:39 CST" name="OrderHistoryTest" finished-at="2025-06-18T07:36:40 CST" depends-on-methods="omarcavazos.tests.SubmitOrderTest.submitOrder" duration-ms="945" status="PASS">
          <reporter-output>
          </reporter-output>
        </test-method> <!-- OrderHistoryTest -->
        <test-method is-config="true" signature="tearDown()[pri:0, instance:omarcavazos.tests.SubmitOrderTest@16150369]" started-at="2025-06-18T07:36:40 CST" name="tearDown" finished-at="2025-06-18T07:36:40 CST" duration-ms="35" status="PASS">
          <reporter-output>
          </reporter-output>
        </test-method> <!-- tearDown -->
      </class> <!-- omarcavazos.tests.SubmitOrderTest -->
    </test> <!-- Submit Order Test -->
  </suite> <!-- Suite -->
</testng-results>
