<?xml version="1.0" encoding="UTF-8"?>
<testng-results ignored="3" total="4" passed="1" failed="0" skipped="0">
  <reporter-output>
  </reporter-output>
  <suite started-at="2025-05-26T12:41:47 CST" name="Suite" finished-at="2025-05-26T12:41:56 CST" duration-ms="9563">
    <groups>
      <group name="ErrorHandling">
        <method signature="ErrorValidationsTest.LoginErrorValidation()[pri:0, instance:omarcavazos.tests.ErrorValidationsTest@4009e306]" name="LoginErrorValidation" class="omarcavazos.tests.ErrorValidationsTest"/>
      </group> <!-- ErrorHandling -->
    </groups>
    <test started-at="2025-05-26T12:41:47 CST" name="Submit Order Test" finished-at="2025-05-26T12:41:47 CST" duration-ms="8">
    </test> <!-- Submit Order Test -->
    <test started-at="2025-05-26T12:41:47 CST" name="Error Validations Test" finished-at="2025-05-26T12:41:56 CST" duration-ms="9563">
      <class name="omarcavazos.tests.ErrorValidationsTest">
        <test-method is-config="true" signature="launchApplication()[pri:0, instance:omarcavazos.tests.ErrorValidationsTest@4009e306]" started-at="2025-05-26T12:41:47 CST" name="launchApplication" finished-at="2025-05-26T12:41:55 CST" duration-ms="8278" status="PASS">
          <reporter-output>
          </reporter-output>
        </test-method> <!-- launchApplication -->
        <test-method signature="LoginErrorValidation()[pri:0, instance:omarcavazos.tests.ErrorValidationsTest@4009e306]" started-at="2025-05-26T12:41:55 CST" name="LoginErrorValidation" finished-at="2025-05-26T12:41:56 CST" duration-ms="521" status="PASS">
          <reporter-output>
          </reporter-output>
        </test-method> <!-- LoginErrorValidation -->
        <test-method is-config="true" signature="tearDown()[pri:0, instance:omarcavazos.tests.ErrorValidationsTest@4009e306]" started-at="2025-05-26T12:41:56 CST" name="tearDown" finished-at="2025-05-26T12:41:56 CST" duration-ms="696" status="PASS">
          <reporter-output>
          </reporter-output>
        </test-method> <!-- tearDown -->
      </class> <!-- omarcavazos.tests.ErrorValidationsTest -->
    </test> <!-- Error Validations Test -->
  </suite> <!-- Suite -->
</testng-results>
